[debug] [2025-08-25T08:40:33.298Z] ----------------------------------------------------------------------
[debug] [2025-08-25T08:40:33.302Z] Command:       /usr/local/bin/node /usr/local/bin/firebase init hosting
[debug] [2025-08-25T08:40:33.303Z] CLI Version:   14.14.0
[debug] [2025-08-25T08:40:33.303Z] Platform:      darwin
[debug] [2025-08-25T08:40:33.303Z] Node Version:  v22.18.0
[debug] [2025-08-25T08:40:33.303Z] Time:          Mon Aug 25 2025 04:40:33 GMT-0400 (Eastern Daylight Time)
[debug] [2025-08-25T08:40:33.304Z] ----------------------------------------------------------------------
[debug] 
[debug] [2025-08-25T08:40:33.310Z] > command requires scopes: ["email","openid","https://www.googleapis.com/auth/cloudplatformprojects.readonly","https://www.googleapis.com/auth/firebase","https://www.googleapis.com/auth/cloud-platform"]
[debug] [2025-08-25T08:40:33.310Z] > authorizing via signed-in user (bbsaadaoui5@gmail.com)
[info] 
     ######## #### ########  ######## ########     ###     ######  ########
     ##        ##  ##     ## ##       ##     ##  ##   ##  ##       ##
     ######    ##  ########  ######   ########  #########  ######  ######
     ##        ##  ##    ##  ##       ##     ## ##     ##       ## ##
     ##       #### ##     ## ######## ########  ##     ##  ######  ########

You're about to initialize a Firebase project in this directory:

  /Users/zineb/my-firebase-project

[info] 
=== Project Setup
[info] 
[info] First, let's associate this project directory with a Firebase project.
[info] You can create multiple project aliases by running firebase use --add, 
[info] but for now we'll just set up a default project.
[info] 
[debug] [2025-08-25T08:40:45.171Z] Checked if tokens are valid: false, expires at: 1756092090955
[debug] [2025-08-25T08:40:45.171Z] Checked if tokens are valid: false, expires at: 1756092090955
[debug] [2025-08-25T08:40:45.172Z] > refreshing access token with scopes: []
[debug] [2025-08-25T08:40:45.175Z] >>> [apiv2][query] POST https://www.googleapis.com/oauth2/v3/token [none]
[debug] [2025-08-25T08:40:45.175Z] >>> [apiv2][body] POST https://www.googleapis.com/oauth2/v3/token [omitted]
[debug] [2025-08-25T08:40:45.386Z] <<< [apiv2][status] POST https://www.googleapis.com/oauth2/v3/token 200
[debug] [2025-08-25T08:40:45.386Z] <<< [apiv2][body] POST https://www.googleapis.com/oauth2/v3/token [omitted]
[debug] [2025-08-25T08:40:45.420Z] >>> [apiv2][query] GET https://firebase.googleapis.com/v1beta1/projects pageSize=100
[debug] [2025-08-25T08:40:45.731Z] <<< [apiv2][status] GET https://firebase.googleapis.com/v1beta1/projects 200
[debug] [2025-08-25T08:40:45.731Z] <<< [apiv2][body] GET https://firebase.googleapis.com/v1beta1/projects [omitted]
[info] i  Using project school-management-progra-29de3 (school management program ) 
[info] 
=== Hosting Setup
[debug] [2025-08-25T08:40:47.052Z] Checked if tokens are valid: true, expires at: 1756114844386
[debug] [2025-08-25T08:40:47.053Z] Checked if tokens are valid: true, expires at: 1756114844386
[debug] [2025-08-25T08:40:47.053Z] >>> [apiv2][query] GET https://firebase.googleapis.com/v1beta1/projects/school-management-progra-29de3 [none]
[debug] [2025-08-25T08:40:47.362Z] <<< [apiv2][status] GET https://firebase.googleapis.com/v1beta1/projects/school-management-progra-29de3 200
[debug] [2025-08-25T08:40:47.362Z] <<< [apiv2][body] GET https://firebase.googleapis.com/v1beta1/projects/school-management-progra-29de3 {"projectId":"school-management-progra-29de3","projectNumber":"201937130062","displayName":"school management program ","name":"projects/school-management-progra-29de3","resources":{"hostingSite":"school-management-progra-29de3"},"state":"ACTIVE","etag":"1_c99a809f-18c4-4c7b-8a28-63fd16120fc6"}
[info] 
[info] Your public directory is the folder (relative to your project directory) that
[info] will contain Hosting assets to be uploaded with firebase deploy. If you
[info] have a build process for your assets, use your build's output directory.
[info] 
[debug] [2025-08-25T18:00:11.332Z] >>> [apiv2][query] GET https://www.gstatic.com/firebasejs/releases.json [none]
[debug] [2025-08-25T18:00:11.485Z] <<< [apiv2][status] GET https://www.gstatic.com/firebasejs/releases.json 200
[debug] [2025-08-25T18:00:11.485Z] <<< [apiv2][body] GET https://www.gstatic.com/firebasejs/releases.json {"current":{"version":"12.1.0","browserURL":"https://www.gstatic.com/firebasejs/12.1.0/firebase.js","packageURL":"https://www.gstatic.com/firebasejs/12.1.0/firebase.tgz"},"live":{"version":"12.1","browserURL":"https://www.gstatic.com/firebasejs/live/12.1/firebase.js","packageURL":"https://www.gstatic.com/firebasejs/live/12.1/firebase.tgz"},"components":{"ai":"https://www.gstatic.com/firebasejs/12.1.0/firebase-ai.js","analytics":"https://www.gstatic.com/firebasejs/12.1.0/firebase-analytics.js","app":"https://www.gstatic.com/firebasejs/12.1.0/firebase-app.js","app-check":"https://www.gstatic.com/firebasejs/12.1.0/firebase-app-check.js","auth":"https://www.gstatic.com/firebasejs/12.1.0/firebase-auth.js","auth/cordova":"https://www.gstatic.com/firebasejs/12.1.0/firebase-auth/cordova.js","auth/web-extension":"https://www.gstatic.com/firebasejs/12.1.0/firebase-auth/web-extension.js","functions":"https://www.gstatic.com/firebasejs/12.1.0/firebase-functions.js","firestore":"https://www.gstatic.com/firebasejs/12.1.0/firebase-firestore.js","firestore/lite":"https://www.gstatic.com/firebasejs/12.1.0/firebase-firestore/lite.js","installations":"https://www.gstatic.com/firebasejs/12.1.0/firebase-installations.js","storage":"https://www.gstatic.com/firebasejs/12.1.0/firebase-storage.js","performance":"https://www.gstatic.com/firebasejs/12.1.0/firebase-performance.js","remote-config":"https://www.gstatic.com/firebasejs/12.1.0/firebase-remote-config.js","messaging":"https://www.gstatic.com/firebasejs/12.1.0/firebase-messaging.js","messaging/sw":"https://www.gstatic.com/firebasejs/12.1.0/firebase-messaging/sw.js","database":"https://www.gstatic.com/firebasejs/12.1.0/firebase-database.js","data-connect":"https://www.gstatic.com/firebasejs/12.1.0/firebase-data-connect.js","firestore.memory":"https://www.gstatic.com/firebasejs/12.1.0/firebase-firestore.memory.js"}}
[debug] [2025-08-25T18:00:11.657Z] Error: ENAMETOOLONG: name too long, stat '/Users/zineb/my-firebase-project/Your public directory is the folder (relative to your project directory) that will contain Hosting assets to be uploaded with firebase deploy. If you have a build process for your assets, use your build's output directory. ? What do you want to use as your public directory? '
    at Object.statSync (node:fs:1739:25)
    at Object.statSync (/usr/local/lib/node_modules/firebase-tools/node_modules/graceful-fs/polyfills.js:319:16)
    at Object.createFileSync (/usr/local/lib/node_modules/firebase-tools/node_modules/fs-extra/lib/ensure/file.js:52:13)
    at Config.writeProjectFile (/usr/local/lib/node_modules/firebase-tools/lib/config.js:160:12)
    at Config.askWriteProjectFile (/usr/local/lib/node_modules/firebase-tools/lib/config.js:208:14)
    at process.processTicksAndRejections (node:internal/process/task_queues:105:5)
    at async Object.doSetup (/usr/local/lib/node_modules/firebase-tools/lib/init/features/hosting/index.js:157:9)
    at async init (/usr/local/lib/node_modules/firebase-tools/lib/init/index.js:65:13)
    at async Command.initAction [as actionFn] (/usr/local/lib/node_modules/firebase-tools/lib/commands/init.js:209:5)
[error] 
[error] Error: An unexpected error has occurred.
